<?xml version="1.0" encoding="UTF-8"?>
<testsuite xmlns:xsi="http://www.w3.org/2001/XMLSchema-instance" xsi:noNamespaceSchemaLocation="https://maven.apache.org/surefire/maven-surefire-plugin/xsd/surefire-test-report-3.0.xsd" version="3.0" name="com.example.eg.EgApplicationTests" time="13.965" tests="1" errors="0" skipped="0" failures="0">
  <properties>
[...]
</properties>
  <testcase name="contextLoads" classname="com.example.eg.EgApplicationTests" time="2.214">
    <system-out><![CDATA[13:08:02.570 [main] INFO org.springframework.test.context.support.AnnotationConfigContextLoaderUtils -- Could not detect default configuration classes for test class [com.example.eg.EgApplicationTests]: EgApplicationTests does not declare any static, non-private, non-final, nested classes annotated with @Configuration.
13:08:03.331 [main] INFO org.springframework.boot.test.context.SpringBootTestContextBootstrapper -- Found @SpringBootConfiguration com.example.eg.EgApplication for test class com.example.eg.EgApplicationTests

  .   ____          _            __ _ _
 /\\ / ___'_ __ _ _(_)_ __  __ _ \ \ \ \
( ( )\___ | '_ | '_| | '_ \/ _` | \ \ \ \
 \\/  ___)| |_)| | | | | || (_| |  ) ) ) )
  '  |____| .__|_| |_|_| |_\__, | / / / /
 =========|_|==============|___/=/_/_/_/
 :: Spring Boot ::                (v3.1.5)

2023-11-06T13:08:06.847+05:30  INFO 9465 --- [           main] com.example.eg.EgApplicationTests        : Starting EgApplicationTests using Java 17.0.8.1 with PID 9465 (started by thangam in /home/thangam/eclipse-workspace/springboot/eg)
2023-11-06T13:08:06.848+05:30  INFO 9465 --- [           main] com.example.eg.EgApplicationTests        : No active profile set, falling back to 1 default profile: "default"
2023-11-06T13:08:11.632+05:30  INFO 9465 --- [           main] o.s.b.a.w.s.WelcomePageHandlerMapping    : Adding welcome page template: index
2023-11-06T13:08:12.296+05:30  INFO 9465 --- [           main] com.example.eg.EgApplicationTests        : Started EgApplicationTests in 7.234 seconds (process running for 24.277)
]]></system-out>
  </testcase>
</testsuite>